  Main.c
c:\users\kasia\desktop\daftcode\zad1\zadania1_dc\main.c(46): warning C4047: "funkcja": "char *" różni się w poziomach operatorów pośrednich od "char (*)[512]"
c:\users\kasia\desktop\daftcode\zad1\zadania1_dc\main.c(46): warning C4024: "strcpy_s": różne typy dla formalnego i rzeczywistego parametru 1
c:\users\kasia\desktop\daftcode\zad1\zadania1_dc\main.c(55): warning C4047: "funkcja": "char *" różni się w poziomach operatorów pośrednich od "char (*)[512]"
c:\users\kasia\desktop\daftcode\zad1\zadania1_dc\main.c(55): warning C4024: "strcpy_s": różne typy dla formalnego i rzeczywistego parametru 1
c:\users\kasia\desktop\daftcode\zad1\zadania1_dc\main.c(56): warning C4047: "funkcja": "char *" różni się w poziomach operatorów pośrednich od "char (*)[512]"
c:\users\kasia\desktop\daftcode\zad1\zadania1_dc\main.c(56): warning C4024: "strcat_s": różne typy dla formalnego i rzeczywistego parametru 1
c:\users\kasia\desktop\daftcode\zad1\zadania1_dc\main.c(57): warning C4047: "funkcja": "char *" różni się w poziomach operatorów pośrednich od "char (*)[512]"
c:\users\kasia\desktop\daftcode\zad1\zadania1_dc\main.c(57): warning C4024: "strcat_s": różne typy dla formalnego i rzeczywistego parametru 1
c:\users\kasia\desktop\daftcode\zad1\zadania1_dc\main.c(58): warning C4047: "funkcja": "char *" różni się w poziomach operatorów pośrednich od "char (*)[512]"
c:\users\kasia\desktop\daftcode\zad1\zadania1_dc\main.c(58): warning C4024: "menu": różne typy dla formalnego i rzeczywistego parametru 1
c:\users\kasia\desktop\daftcode\zad1\zadania1_dc\main.c(74): warning C4047: "funkcja": "char *" różni się w poziomach operatorów pośrednich od "char (*)[512]"
c:\users\kasia\desktop\daftcode\zad1\zadania1_dc\main.c(74): warning C4024: "strcpy_s": różne typy dla formalnego i rzeczywistego parametru 1
c:\users\kasia\desktop\daftcode\zad1\zadania1_dc\main.c(105): warning C4090: "funkcja": różniące się kwalifikatory "const"
c:\users\kasia\desktop\daftcode\zad1\zadania1_dc\main.c(110): warning C4090: "funkcja": różniące się kwalifikatory "const"
c:\users\kasia\desktop\daftcode\zad1\zadania1_dc\main.c(114): warning C4090: "funkcja": różniące się kwalifikatory "const"
c:\users\kasia\desktop\daftcode\zad1\zadania1_dc\main.c(116): warning C4013: niezdefiniowany "draw_tags_in_poly_e"; przy założeniu, że extern zwraca int
c:\users\kasia\desktop\daftcode\zad1\zadania1_dc\main.c(127): warning C4090: "funkcja": różniące się kwalifikatory "const"
c:\users\kasia\desktop\daftcode\zad1\zadania1_dc\main.c(129): warning C4090: "funkcja": różniące się kwalifikatory "const"
  Trwa generowanie kodu
  1 of 52 functions ( 1.9%) were compiled, the rest were copied from previous compilation.
    0 functions were new in current compilation
    0 functions had inline decision re-evaluated but remain unchanged
  Zakończono generowanie kodu
allegro_monolith-static.lib(allegro.obj) : warning LNK4099: nie znaleziono pliku PDB „allegro_monolith.pdb” z elementem „allegro_monolith-static.lib(allegro.obj)” lub w pozycji „C:\Users\Kasia\Desktop\Daftcode\Zad1\Zadania1_DC\x64\Release\allegro_monolith.pdb”; obiekt zostanie skonsolidowany bez informacji debugowania
allegro_monolith-static.lib(bitmap.obj) : warning LNK4099: nie znaleziono pliku PDB „allegro_monolith.pdb” z elementem „allegro_monolith-static.lib(bitmap.obj)” lub w pozycji „C:\Users\Kasia\Desktop\Daftcode\Zad1\Zadania1_DC\x64\Release\allegro_monolith.pdb”; obiekt zostanie skonsolidowany bez informacji debugowania
allegro_monolith-static.lib(bitmap_draw.obj) : warning LNK4099: nie znaleziono pliku PDB „allegro_monolith.pdb” z elementem „allegro_monolith-static.lib(bitmap_draw.obj)” lub w pozycji „C:\Users\Kasia\Desktop\Daftcode\Zad1\Zadania1_DC\x64\Release\allegro_monolith.pdb”; obiekt zostanie skonsolidowany bez informacji debugowania
allegro_monolith-static.lib(bitmap_io.obj) : warning LNK4099: nie znaleziono pliku PDB „allegro_monolith.pdb” z elementem „allegro_monolith-static.lib(bitmap_io.obj)” lub w pozycji „C:\Users\Kasia\Desktop\Daftcode\Zad1\Zadania1_DC\x64\Release\allegro_monolith.pdb”; obiekt zostanie skonsolidowany bez informacji debugowania
allegro_monolith-static.lib(bitmap_lock.obj) : warning LNK4099: nie znaleziono pliku PDB „allegro_monolith.pdb” z elementem „allegro_monolith-static.lib(bitmap_lock.obj)” lub w pozycji „C:\Users\Kasia\Desktop\Daftcode\Zad1\Zadania1_DC\x64\Release\allegro_monolith.pdb”; obiekt zostanie skonsolidowany bez informacji debugowania
allegro_monolith-static.lib(bitmap_pixel.obj) : warning LNK4099: nie znaleziono pliku PDB „allegro_monolith.pdb” z elementem „allegro_monolith-static.lib(bitmap_pixel.obj)” lub w pozycji „C:\Users\Kasia\Desktop\Daftcode\Zad1\Zadania1_DC\x64\Release\allegro_monolith.pdb”; obiekt zostanie skonsolidowany bez informacji debugowania
allegro_monolith-static.lib(bitmap_type.obj) : warning LNK4099: nie znaleziono pliku PDB „allegro_monolith.pdb” z elementem „allegro_monolith-static.lib(bitmap_type.obj)” lub w pozycji „C:\Users\Kasia\Desktop\Daftcode\Zad1\Zadania1_DC\x64\Release\allegro_monolith.pdb”; obiekt zostanie skonsolidowany bez informacji debugowania
allegro_monolith-static.lib(blenders.obj) : warning LNK4099: nie znaleziono pliku PDB „allegro_monolith.pdb” z elementem „allegro_monolith-static.lib(blenders.obj)” lub w pozycji „C:\Users\Kasia\Desktop\Daftcode\Zad1\Zadania1_DC\x64\Release\allegro_monolith.pdb”; obiekt zostanie skonsolidowany bez informacji debugowania
allegro_monolith-static.lib(config.obj) : warning LNK4099: nie znaleziono pliku PDB „allegro_monolith.pdb” z elementem „allegro_monolith-static.lib(config.obj)” lub w pozycji „C:\Users\Kasia\Desktop\Daftcode\Zad1\Zadania1_DC\x64\Release\allegro_monolith.pdb”; obiekt zostanie skonsolidowany bez informacji debugowania
allegro_monolith-static.lib(convert.obj) : warning LNK4099: nie znaleziono pliku PDB „allegro_monolith.pdb” z elementem „allegro_monolith-static.lib(convert.obj)” lub w pozycji „C:\Users\Kasia\Desktop\Daftcode\Zad1\Zadania1_DC\x64\Release\allegro_monolith.pdb”; obiekt zostanie skonsolidowany bez informacji debugowania
allegro_monolith-static.lib(debug.obj) : warning LNK4099: nie znaleziono pliku PDB „allegro_monolith.pdb” z elementem „allegro_monolith-static.lib(debug.obj)” lub w pozycji „C:\Users\Kasia\Desktop\Daftcode\Zad1\Zadania1_DC\x64\Release\allegro_monolith.pdb”; obiekt zostanie skonsolidowany bez informacji debugowania
allegro_monolith-static.lib(display.obj) : warning LNK4099: nie znaleziono pliku PDB „allegro_monolith.pdb” z elementem „allegro_monolith-static.lib(display.obj)” lub w pozycji „C:\Users\Kasia\Desktop\Daftcode\Zad1\Zadania1_DC\x64\Release\allegro_monolith.pdb”; obiekt zostanie skonsolidowany bez informacji debugowania
allegro_monolith-static.lib(display_settings.obj) : warning LNK4099: nie znaleziono pliku PDB „allegro_monolith.pdb” z elementem „allegro_monolith-static.lib(display_settings.obj)” lub w pozycji „C:\Users\Kasia\Desktop\Daftcode\Zad1\Zadania1_DC\x64\Release\allegro_monolith.pdb”; obiekt zostanie skonsolidowany bez informacji debugowania
allegro_monolith-static.lib(drawing.obj) : warning LNK4099: nie znaleziono pliku PDB „allegro_monolith.pdb” z elementem „allegro_monolith-static.lib(drawing.obj)” lub w pozycji „C:\Users\Kasia\Desktop\Daftcode\Zad1\Zadania1_DC\x64\Release\allegro_monolith.pdb”; obiekt zostanie skonsolidowany bez informacji debugowania
allegro_monolith-static.lib(dtor.obj) : warning LNK4099: nie znaleziono pliku PDB „allegro_monolith.pdb” z elementem „allegro_monolith-static.lib(dtor.obj)” lub w pozycji „C:\Users\Kasia\Desktop\Daftcode\Zad1\Zadania1_DC\x64\Release\allegro_monolith.pdb”; obiekt zostanie skonsolidowany bez informacji debugowania
allegro_monolith-static.lib(events.obj) : warning LNK4099: nie znaleziono pliku PDB „allegro_monolith.pdb” z elementem „allegro_monolith-static.lib(events.obj)” lub w pozycji „C:\Users\Kasia\Desktop\Daftcode\Zad1\Zadania1_DC\x64\Release\allegro_monolith.pdb”; obiekt zostanie skonsolidowany bez informacji debugowania
allegro_monolith-static.lib(evtsrc.obj) : warning LNK4099: nie znaleziono pliku PDB „allegro_monolith.pdb” z elementem „allegro_monolith-static.lib(evtsrc.obj)” lub w pozycji „C:\Users\Kasia\Desktop\Daftcode\Zad1\Zadania1_DC\x64\Release\allegro_monolith.pdb”; obiekt zostanie skonsolidowany bez informacji debugowania
allegro_monolith-static.lib(exitfunc.obj) : warning LNK4099: nie znaleziono pliku PDB „allegro_monolith.pdb” z elementem „allegro_monolith-static.lib(exitfunc.obj)” lub w pozycji „C:\Users\Kasia\Desktop\Daftcode\Zad1\Zadania1_DC\x64\Release\allegro_monolith.pdb”; obiekt zostanie skonsolidowany bez informacji debugowania
allegro_monolith-static.lib(file.obj) : warning LNK4099: nie znaleziono pliku PDB „allegro_monolith.pdb” z elementem „allegro_monolith-static.lib(file.obj)” lub w pozycji „C:\Users\Kasia\Desktop\Daftcode\Zad1\Zadania1_DC\x64\Release\allegro_monolith.pdb”; obiekt zostanie skonsolidowany bez informacji debugowania
allegro_monolith-static.lib(file_stdio.obj) : warning LNK4099: nie znaleziono pliku PDB „allegro_monolith.pdb” z elementem „allegro_monolith-static.lib(file_stdio.obj)” lub w pozycji „C:\Users\Kasia\Desktop\Daftcode\Zad1\Zadania1_DC\x64\Release\allegro_monolith.pdb”; obiekt zostanie skonsolidowany bez informacji debugowania
allegro_monolith-static.lib(fshook_stdio.obj) : warning LNK4099: nie znaleziono pliku PDB „allegro_monolith.pdb” z elementem „allegro_monolith-static.lib(fshook_stdio.obj)” lub w pozycji „C:\Users\Kasia\Desktop\Daftcode\Zad1\Zadania1_DC\x64\Release\allegro_monolith.pdb”; obiekt zostanie skonsolidowany bez informacji debugowania
allegro_monolith-static.lib(fullscreen_mode.obj) : warning LNK4099: nie znaleziono pliku PDB „allegro_monolith.pdb” z elementem „allegro_monolith-static.lib(fullscreen_mode.obj)” lub w pozycji „C:\Users\Kasia\Desktop\Daftcode\Zad1\Zadania1_DC\x64\Release\allegro_monolith.pdb”; obiekt zostanie skonsolidowany bez informacji debugowania
allegro_monolith-static.lib(haptic.obj) : warning LNK4099: nie znaleziono pliku PDB „allegro_monolith.pdb” z elementem „allegro_monolith-static.lib(haptic.obj)” lub w pozycji „C:\Users\Kasia\Desktop\Daftcode\Zad1\Zadania1_DC\x64\Release\allegro_monolith.pdb”; obiekt zostanie skonsolidowany bez informacji debugowania
allegro_monolith-static.lib(joynu.obj) : warning LNK4099: nie znaleziono pliku PDB „allegro_monolith.pdb” z elementem „allegro_monolith-static.lib(joynu.obj)” lub w pozycji „C:\Users\Kasia\Desktop\Daftcode\Zad1\Zadania1_DC\x64\Release\allegro_monolith.pdb”; obiekt zostanie skonsolidowany bez informacji debugowania
allegro_monolith-static.lib(keybdnu.obj) : warning LNK4099: nie znaleziono pliku PDB „allegro_monolith.pdb” z elementem „allegro_monolith-static.lib(keybdnu.obj)” lub w pozycji „C:\Users\Kasia\Desktop\Daftcode\Zad1\Zadania1_DC\x64\Release\allegro_monolith.pdb”; obiekt zostanie skonsolidowany bez informacji debugowania
allegro_monolith-static.lib(libc.obj) : warning LNK4099: nie znaleziono pliku PDB „allegro_monolith.pdb” z elementem „allegro_monolith-static.lib(libc.obj)” lub w pozycji „C:\Users\Kasia\Desktop\Daftcode\Zad1\Zadania1_DC\x64\Release\allegro_monolith.pdb”; obiekt zostanie skonsolidowany bez informacji debugowania
allegro_monolith-static.lib(memblit.obj) : warning LNK4099: nie znaleziono pliku PDB „allegro_monolith.pdb” z elementem „allegro_monolith-static.lib(memblit.obj)” lub w pozycji „C:\Users\Kasia\Desktop\Daftcode\Zad1\Zadania1_DC\x64\Release\allegro_monolith.pdb”; obiekt zostanie skonsolidowany bez informacji debugowania
allegro_monolith-static.lib(memdraw.obj) : warning LNK4099: nie znaleziono pliku PDB „allegro_monolith.pdb” z elementem „allegro_monolith-static.lib(memdraw.obj)” lub w pozycji „C:\Users\Kasia\Desktop\Daftcode\Zad1\Zadania1_DC\x64\Release\allegro_monolith.pdb”; obiekt zostanie skonsolidowany bez informacji debugowania
allegro_monolith-static.lib(memory.obj) : warning LNK4099: nie znaleziono pliku PDB „allegro_monolith.pdb” z elementem „allegro_monolith-static.lib(memory.obj)” lub w pozycji „C:\Users\Kasia\Desktop\Daftcode\Zad1\Zadania1_DC\x64\Release\allegro_monolith.pdb”; obiekt zostanie skonsolidowany bez informacji debugowania
allegro_monolith-static.lib(monitor.obj) : warning LNK4099: nie znaleziono pliku PDB „allegro_monolith.pdb” z elementem „allegro_monolith-static.lib(monitor.obj)” lub w pozycji „C:\Users\Kasia\Desktop\Daftcode\Zad1\Zadania1_DC\x64\Release\allegro_monolith.pdb”; obiekt zostanie skonsolidowany bez informacji debugowania
allegro_monolith-static.lib(mousenu.obj) : warning LNK4099: nie znaleziono pliku PDB „allegro_monolith.pdb” z elementem „allegro_monolith-static.lib(mousenu.obj)” lub w pozycji „C:\Users\Kasia\Desktop\Daftcode\Zad1\Zadania1_DC\x64\Release\allegro_monolith.pdb”; obiekt zostanie skonsolidowany bez informacji debugowania
allegro_monolith-static.lib(path.obj) : warning LNK4099: nie znaleziono pliku PDB „allegro_monolith.pdb” z elementem „allegro_monolith-static.lib(path.obj)” lub w pozycji „C:\Users\Kasia\Desktop\Daftcode\Zad1\Zadania1_DC\x64\Release\allegro_monolith.pdb”; obiekt zostanie skonsolidowany bez informacji debugowania
allegro_monolith-static.lib(pixels.obj) : warning LNK4099: nie znaleziono pliku PDB „allegro_monolith.pdb” z elementem „allegro_monolith-static.lib(pixels.obj)” lub w pozycji „C:\Users\Kasia\Desktop\Daftcode\Zad1\Zadania1_DC\x64\Release\allegro_monolith.pdb”; obiekt zostanie skonsolidowany bez informacji debugowania
allegro_monolith-static.lib(shader.obj) : warning LNK4099: nie znaleziono pliku PDB „allegro_monolith.pdb” z elementem „allegro_monolith-static.lib(shader.obj)” lub w pozycji „C:\Users\Kasia\Desktop\Daftcode\Zad1\Zadania1_DC\x64\Release\allegro_monolith.pdb”; obiekt zostanie skonsolidowany bez informacji debugowania
allegro_monolith-static.lib(system.obj) : warning LNK4099: nie znaleziono pliku PDB „allegro_monolith.pdb” z elementem „allegro_monolith-static.lib(system.obj)” lub w pozycji „C:\Users\Kasia\Desktop\Daftcode\Zad1\Zadania1_DC\x64\Release\allegro_monolith.pdb”; obiekt zostanie skonsolidowany bez informacji debugowania
allegro_monolith-static.lib(threads.obj) : warning LNK4099: nie znaleziono pliku PDB „allegro_monolith.pdb” z elementem „allegro_monolith-static.lib(threads.obj)” lub w pozycji „C:\Users\Kasia\Desktop\Daftcode\Zad1\Zadania1_DC\x64\Release\allegro_monolith.pdb”; obiekt zostanie skonsolidowany bez informacji debugowania
allegro_monolith-static.lib(timernu.obj) : warning LNK4099: nie znaleziono pliku PDB „allegro_monolith.pdb” z elementem „allegro_monolith-static.lib(timernu.obj)” lub w pozycji „C:\Users\Kasia\Desktop\Daftcode\Zad1\Zadania1_DC\x64\Release\allegro_monolith.pdb”; obiekt zostanie skonsolidowany bez informacji debugowania
allegro_monolith-static.lib(tls.obj) : warning LNK4099: nie znaleziono pliku PDB „allegro_monolith.pdb” z elementem „allegro_monolith-static.lib(tls.obj)” lub w pozycji „C:\Users\Kasia\Desktop\Daftcode\Zad1\Zadania1_DC\x64\Release\allegro_monolith.pdb”; obiekt zostanie skonsolidowany bez informacji debugowania
allegro_monolith-static.lib(touch_input.obj) : warning LNK4099: nie znaleziono pliku PDB „allegro_monolith.pdb” z elementem „allegro_monolith-static.lib(touch_input.obj)” lub w pozycji „C:\Users\Kasia\Desktop\Daftcode\Zad1\Zadania1_DC\x64\Release\allegro_monolith.pdb”; obiekt zostanie skonsolidowany bez informacji debugowania
allegro_monolith-static.lib(transformations.obj) : warning LNK4099: nie znaleziono pliku PDB „allegro_monolith.pdb” z elementem „allegro_monolith-static.lib(transformations.obj)” lub w pozycji „C:\Users\Kasia\Desktop\Daftcode\Zad1\Zadania1_DC\x64\Release\allegro_monolith.pdb”; obiekt zostanie skonsolidowany bez informacji debugowania
allegro_monolith-static.lib(tri_soft.obj) : warning LNK4099: nie znaleziono pliku PDB „allegro_monolith.pdb” z elementem „allegro_monolith-static.lib(tri_soft.obj)” lub w pozycji „C:\Users\Kasia\Desktop\Daftcode\Zad1\Zadania1_DC\x64\Release\allegro_monolith.pdb”; obiekt zostanie skonsolidowany bez informacji debugowania
allegro_monolith-static.lib(utf8.obj) : warning LNK4099: nie znaleziono pliku PDB „allegro_monolith.pdb” z elementem „allegro_monolith-static.lib(utf8.obj)” lub w pozycji „C:\Users\Kasia\Desktop\Daftcode\Zad1\Zadania1_DC\x64\Release\allegro_monolith.pdb”; obiekt zostanie skonsolidowany bez informacji debugowania
allegro_monolith-static.lib(aatree.obj) : warning LNK4099: nie znaleziono pliku PDB „allegro_monolith.pdb” z elementem „allegro_monolith-static.lib(aatree.obj)” lub w pozycji „C:\Users\Kasia\Desktop\Daftcode\Zad1\Zadania1_DC\x64\Release\allegro_monolith.pdb”; obiekt zostanie skonsolidowany bez informacji debugowania
allegro_monolith-static.lib(bstrlib.obj) : warning LNK4099: nie znaleziono pliku PDB „allegro_monolith.pdb” z elementem „allegro_monolith-static.lib(bstrlib.obj)” lub w pozycji „C:\Users\Kasia\Desktop\Daftcode\Zad1\Zadania1_DC\x64\Release\allegro_monolith.pdb”; obiekt zostanie skonsolidowany bez informacji debugowania
allegro_monolith-static.lib(list.obj) : warning LNK4099: nie znaleziono pliku PDB „allegro_monolith.pdb” z elementem „allegro_monolith-static.lib(list.obj)” lub w pozycji „C:\Users\Kasia\Desktop\Daftcode\Zad1\Zadania1_DC\x64\Release\allegro_monolith.pdb”; obiekt zostanie skonsolidowany bez informacji debugowania
allegro_monolith-static.lib(vector.obj) : warning LNK4099: nie znaleziono pliku PDB „allegro_monolith.pdb” z elementem „allegro_monolith-static.lib(vector.obj)” lub w pozycji „C:\Users\Kasia\Desktop\Daftcode\Zad1\Zadania1_DC\x64\Release\allegro_monolith.pdb”; obiekt zostanie skonsolidowany bez informacji debugowania
allegro_monolith-static.lib(wclipboard.obj) : warning LNK4099: nie znaleziono pliku PDB „allegro_monolith.pdb” z elementem „allegro_monolith-static.lib(wclipboard.obj)” lub w pozycji „C:\Users\Kasia\Desktop\Daftcode\Zad1\Zadania1_DC\x64\Release\allegro_monolith.pdb”; obiekt zostanie skonsolidowany bez informacji debugowania
allegro_monolith-static.lib(whapall.obj) : warning LNK4099: nie znaleziono pliku PDB „allegro_monolith.pdb” z elementem „allegro_monolith-static.lib(whapall.obj)” lub w pozycji „C:\Users\Kasia\Desktop\Daftcode\Zad1\Zadania1_DC\x64\Release\allegro_monolith.pdb”; obiekt zostanie skonsolidowany bez informacji debugowania
allegro_monolith-static.lib(whaptic.obj) : warning LNK4099: nie znaleziono pliku PDB „allegro_monolith.pdb” z elementem „allegro_monolith-static.lib(whaptic.obj)” lub w pozycji „C:\Users\Kasia\Desktop\Daftcode\Zad1\Zadania1_DC\x64\Release\allegro_monolith.pdb”; obiekt zostanie skonsolidowany bez informacji debugowania
allegro_monolith-static.lib(whapxi.obj) : warning LNK4099: nie znaleziono pliku PDB „allegro_monolith.pdb” z elementem „allegro_monolith-static.lib(whapxi.obj)” lub w pozycji „C:\Users\Kasia\Desktop\Daftcode\Zad1\Zadania1_DC\x64\Release\allegro_monolith.pdb”; obiekt zostanie skonsolidowany bez informacji debugowania
allegro_monolith-static.lib(wjoyall.obj) : warning LNK4099: nie znaleziono pliku PDB „allegro_monolith.pdb” z elementem „allegro_monolith-static.lib(wjoyall.obj)” lub w pozycji „C:\Users\Kasia\Desktop\Daftcode\Zad1\Zadania1_DC\x64\Release\allegro_monolith.pdb”; obiekt zostanie skonsolidowany bez informacji debugowania
allegro_monolith-static.lib(wjoydxnu.obj) : warning LNK4099: nie znaleziono pliku PDB „allegro_monolith.pdb” z elementem „allegro_monolith-static.lib(wjoydxnu.obj)” lub w pozycji „C:\Users\Kasia\Desktop\Daftcode\Zad1\Zadania1_DC\x64\Release\allegro_monolith.pdb”; obiekt zostanie skonsolidowany bez informacji debugowania
allegro_monolith-static.lib(wjoyxi.obj) : warning LNK4099: nie znaleziono pliku PDB „allegro_monolith.pdb” z elementem „allegro_monolith-static.lib(wjoyxi.obj)” lub w pozycji „C:\Users\Kasia\Desktop\Daftcode\Zad1\Zadania1_DC\x64\Release\allegro_monolith.pdb”; obiekt zostanie skonsolidowany bez informacji debugowania
allegro_monolith-static.lib(wkeyboard.obj) : warning LNK4099: nie znaleziono pliku PDB „allegro_monolith.pdb” z elementem „allegro_monolith-static.lib(wkeyboard.obj)” lub w pozycji „C:\Users\Kasia\Desktop\Daftcode\Zad1\Zadania1_DC\x64\Release\allegro_monolith.pdb”; obiekt zostanie skonsolidowany bez informacji debugowania
allegro_monolith-static.lib(wmcursor.obj) : warning LNK4099: nie znaleziono pliku PDB „allegro_monolith.pdb” z elementem „allegro_monolith-static.lib(wmcursor.obj)” lub w pozycji „C:\Users\Kasia\Desktop\Daftcode\Zad1\Zadania1_DC\x64\Release\allegro_monolith.pdb”; obiekt zostanie skonsolidowany bez informacji debugowania
allegro_monolith-static.lib(wmouse.obj) : warning LNK4099: nie znaleziono pliku PDB „allegro_monolith.pdb” z elementem „allegro_monolith-static.lib(wmouse.obj)” lub w pozycji „C:\Users\Kasia\Desktop\Daftcode\Zad1\Zadania1_DC\x64\Release\allegro_monolith.pdb”; obiekt zostanie skonsolidowany bez informacji debugowania
allegro_monolith-static.lib(wsystem.obj) : warning LNK4099: nie znaleziono pliku PDB „allegro_monolith.pdb” z elementem „allegro_monolith-static.lib(wsystem.obj)” lub w pozycji „C:\Users\Kasia\Desktop\Daftcode\Zad1\Zadania1_DC\x64\Release\allegro_monolith.pdb”; obiekt zostanie skonsolidowany bez informacji debugowania
allegro_monolith-static.lib(wthread.obj) : warning LNK4099: nie znaleziono pliku PDB „allegro_monolith.pdb” z elementem „allegro_monolith-static.lib(wthread.obj)” lub w pozycji „C:\Users\Kasia\Desktop\Daftcode\Zad1\Zadania1_DC\x64\Release\allegro_monolith.pdb”; obiekt zostanie skonsolidowany bez informacji debugowania
allegro_monolith-static.lib(wtime.obj) : warning LNK4099: nie znaleziono pliku PDB „allegro_monolith.pdb” z elementem „allegro_monolith-static.lib(wtime.obj)” lub w pozycji „C:\Users\Kasia\Desktop\Daftcode\Zad1\Zadania1_DC\x64\Release\allegro_monolith.pdb”; obiekt zostanie skonsolidowany bez informacji debugowania
allegro_monolith-static.lib(wtouch_input.obj) : warning LNK4099: nie znaleziono pliku PDB „allegro_monolith.pdb” z elementem „allegro_monolith-static.lib(wtouch_input.obj)” lub w pozycji „C:\Users\Kasia\Desktop\Daftcode\Zad1\Zadania1_DC\x64\Release\allegro_monolith.pdb”; obiekt zostanie skonsolidowany bez informacji debugowania
allegro_monolith-static.lib(wunicode.obj) : warning LNK4099: nie znaleziono pliku PDB „allegro_monolith.pdb” z elementem „allegro_monolith-static.lib(wunicode.obj)” lub w pozycji „C:\Users\Kasia\Desktop\Daftcode\Zad1\Zadania1_DC\x64\Release\allegro_monolith.pdb”; obiekt zostanie skonsolidowany bez informacji debugowania
allegro_monolith-static.lib(wwindow.obj) : warning LNK4099: nie znaleziono pliku PDB „allegro_monolith.pdb” z elementem „allegro_monolith-static.lib(wwindow.obj)” lub w pozycji „C:\Users\Kasia\Desktop\Daftcode\Zad1\Zadania1_DC\x64\Release\allegro_monolith.pdb”; obiekt zostanie skonsolidowany bez informacji debugowania
allegro_monolith-static.lib(wxthread.obj) : warning LNK4099: nie znaleziono pliku PDB „allegro_monolith.pdb” z elementem „allegro_monolith-static.lib(wxthread.obj)” lub w pozycji „C:\Users\Kasia\Desktop\Daftcode\Zad1\Zadania1_DC\x64\Release\allegro_monolith.pdb”; obiekt zostanie skonsolidowany bez informacji debugowania
allegro_monolith-static.lib(d3d_bmp.obj) : warning LNK4099: nie znaleziono pliku PDB „allegro_monolith.pdb” z elementem „allegro_monolith-static.lib(d3d_bmp.obj)” lub w pozycji „C:\Users\Kasia\Desktop\Daftcode\Zad1\Zadania1_DC\x64\Release\allegro_monolith.pdb”; obiekt zostanie skonsolidowany bez informacji debugowania
allegro_monolith-static.lib(d3d_disp.obj) : warning LNK4099: nie znaleziono pliku PDB „allegro_monolith.pdb” z elementem „allegro_monolith-static.lib(d3d_disp.obj)” lub w pozycji „C:\Users\Kasia\Desktop\Daftcode\Zad1\Zadania1_DC\x64\Release\allegro_monolith.pdb”; obiekt zostanie skonsolidowany bez informacji debugowania
allegro_monolith-static.lib(d3d_display_formats.obj) : warning LNK4099: nie znaleziono pliku PDB „allegro_monolith.pdb” z elementem „allegro_monolith-static.lib(d3d_display_formats.obj)” lub w pozycji „C:\Users\Kasia\Desktop\Daftcode\Zad1\Zadania1_DC\x64\Release\allegro_monolith.pdb”; obiekt zostanie skonsolidowany bez informacji debugowania
allegro_monolith-static.lib(d3d_render_state.obj) : warning LNK4099: nie znaleziono pliku PDB „allegro_monolith.pdb” z elementem „allegro_monolith-static.lib(d3d_render_state.obj)” lub w pozycji „C:\Users\Kasia\Desktop\Daftcode\Zad1\Zadania1_DC\x64\Release\allegro_monolith.pdb”; obiekt zostanie skonsolidowany bez informacji debugowania
allegro_monolith-static.lib(d3d_shader.obj) : warning LNK4099: nie znaleziono pliku PDB „allegro_monolith.pdb” z elementem „allegro_monolith-static.lib(d3d_shader.obj)” lub w pozycji „C:\Users\Kasia\Desktop\Daftcode\Zad1\Zadania1_DC\x64\Release\allegro_monolith.pdb”; obiekt zostanie skonsolidowany bez informacji debugowania
allegro_monolith-static.lib(d3d_d3dx9.obj) : warning LNK4099: nie znaleziono pliku PDB „allegro_monolith.pdb” z elementem „allegro_monolith-static.lib(d3d_d3dx9.obj)” lub w pozycji „C:\Users\Kasia\Desktop\Daftcode\Zad1\Zadania1_DC\x64\Release\allegro_monolith.pdb”; obiekt zostanie skonsolidowany bez informacji debugowania
allegro_monolith-static.lib(extensions.obj) : warning LNK4099: nie znaleziono pliku PDB „allegro_monolith.pdb” z elementem „allegro_monolith-static.lib(extensions.obj)” lub w pozycji „C:\Users\Kasia\Desktop\Daftcode\Zad1\Zadania1_DC\x64\Release\allegro_monolith.pdb”; obiekt zostanie skonsolidowany bez informacji debugowania
allegro_monolith-static.lib(ogl_bitmap.obj) : warning LNK4099: nie znaleziono pliku PDB „allegro_monolith.pdb” z elementem „allegro_monolith-static.lib(ogl_bitmap.obj)” lub w pozycji „C:\Users\Kasia\Desktop\Daftcode\Zad1\Zadania1_DC\x64\Release\allegro_monolith.pdb”; obiekt zostanie skonsolidowany bez informacji debugowania
allegro_monolith-static.lib(ogl_display.obj) : warning LNK4099: nie znaleziono pliku PDB „allegro_monolith.pdb” z elementem „allegro_monolith-static.lib(ogl_display.obj)” lub w pozycji „C:\Users\Kasia\Desktop\Daftcode\Zad1\Zadania1_DC\x64\Release\allegro_monolith.pdb”; obiekt zostanie skonsolidowany bez informacji debugowania
allegro_monolith-static.lib(ogl_draw.obj) : warning LNK4099: nie znaleziono pliku PDB „allegro_monolith.pdb” z elementem „allegro_monolith-static.lib(ogl_draw.obj)” lub w pozycji „C:\Users\Kasia\Desktop\Daftcode\Zad1\Zadania1_DC\x64\Release\allegro_monolith.pdb”; obiekt zostanie skonsolidowany bez informacji debugowania
allegro_monolith-static.lib(ogl_fbo.obj) : warning LNK4099: nie znaleziono pliku PDB „allegro_monolith.pdb” z elementem „allegro_monolith-static.lib(ogl_fbo.obj)” lub w pozycji „C:\Users\Kasia\Desktop\Daftcode\Zad1\Zadania1_DC\x64\Release\allegro_monolith.pdb”; obiekt zostanie skonsolidowany bez informacji debugowania
allegro_monolith-static.lib(ogl_lock.obj) : warning LNK4099: nie znaleziono pliku PDB „allegro_monolith.pdb” z elementem „allegro_monolith-static.lib(ogl_lock.obj)” lub w pozycji „C:\Users\Kasia\Desktop\Daftcode\Zad1\Zadania1_DC\x64\Release\allegro_monolith.pdb”; obiekt zostanie skonsolidowany bez informacji debugowania
allegro_monolith-static.lib(ogl_render_state.obj) : warning LNK4099: nie znaleziono pliku PDB „allegro_monolith.pdb” z elementem „allegro_monolith-static.lib(ogl_render_state.obj)” lub w pozycji „C:\Users\Kasia\Desktop\Daftcode\Zad1\Zadania1_DC\x64\Release\allegro_monolith.pdb”; obiekt zostanie skonsolidowany bez informacji debugowania
allegro_monolith-static.lib(ogl_shader.obj) : warning LNK4099: nie znaleziono pliku PDB „allegro_monolith.pdb” z elementem „allegro_monolith-static.lib(ogl_shader.obj)” lub w pozycji „C:\Users\Kasia\Desktop\Daftcode\Zad1\Zadania1_DC\x64\Release\allegro_monolith.pdb”; obiekt zostanie skonsolidowany bez informacji debugowania
allegro_monolith-static.lib(wgl_disp.obj) : warning LNK4099: nie znaleziono pliku PDB „allegro_monolith.pdb” z elementem „allegro_monolith-static.lib(wgl_disp.obj)” lub w pozycji „C:\Users\Kasia\Desktop\Daftcode\Zad1\Zadania1_DC\x64\Release\allegro_monolith.pdb”; obiekt zostanie skonsolidowany bez informacji debugowania
allegro_monolith-static.lib(high_primitives.obj) : warning LNK4099: nie znaleziono pliku PDB „allegro_monolith.pdb” z elementem „allegro_monolith-static.lib(high_primitives.obj)” lub w pozycji „C:\Users\Kasia\Desktop\Daftcode\Zad1\Zadania1_DC\x64\Release\allegro_monolith.pdb”; obiekt zostanie skonsolidowany bez informacji debugowania
allegro_monolith-static.lib(line_soft.obj) : warning LNK4099: nie znaleziono pliku PDB „allegro_monolith.pdb” z elementem „allegro_monolith-static.lib(line_soft.obj)” lub w pozycji „C:\Users\Kasia\Desktop\Daftcode\Zad1\Zadania1_DC\x64\Release\allegro_monolith.pdb”; obiekt zostanie skonsolidowany bez informacji debugowania
allegro_monolith-static.lib(point_soft.obj) : warning LNK4099: nie znaleziono pliku PDB „allegro_monolith.pdb” z elementem „allegro_monolith-static.lib(point_soft.obj)” lub w pozycji „C:\Users\Kasia\Desktop\Daftcode\Zad1\Zadania1_DC\x64\Release\allegro_monolith.pdb”; obiekt zostanie skonsolidowany bez informacji debugowania
allegro_monolith-static.lib(prim_directx.obj) : warning LNK4099: nie znaleziono pliku PDB „allegro_monolith.pdb” z elementem „allegro_monolith-static.lib(prim_directx.obj)” lub w pozycji „C:\Users\Kasia\Desktop\Daftcode\Zad1\Zadania1_DC\x64\Release\allegro_monolith.pdb”; obiekt zostanie skonsolidowany bez informacji debugowania
allegro_monolith-static.lib(prim_opengl.obj) : warning LNK4099: nie znaleziono pliku PDB „allegro_monolith.pdb” z elementem „allegro_monolith-static.lib(prim_opengl.obj)” lub w pozycji „C:\Users\Kasia\Desktop\Daftcode\Zad1\Zadania1_DC\x64\Release\allegro_monolith.pdb”; obiekt zostanie skonsolidowany bez informacji debugowania
allegro_monolith-static.lib(prim_soft.obj) : warning LNK4099: nie znaleziono pliku PDB „allegro_monolith.pdb” z elementem „allegro_monolith-static.lib(prim_soft.obj)” lub w pozycji „C:\Users\Kasia\Desktop\Daftcode\Zad1\Zadania1_DC\x64\Release\allegro_monolith.pdb”; obiekt zostanie skonsolidowany bez informacji debugowania
allegro_monolith-static.lib(primitives.obj) : warning LNK4099: nie znaleziono pliku PDB „allegro_monolith.pdb” z elementem „allegro_monolith-static.lib(primitives.obj)” lub w pozycji „C:\Users\Kasia\Desktop\Daftcode\Zad1\Zadania1_DC\x64\Release\allegro_monolith.pdb”; obiekt zostanie skonsolidowany bez informacji debugowania
allegro_monolith-static.lib(directx_shaders.obj) : warning LNK4099: nie znaleziono pliku PDB „allegro_monolith.pdb” z elementem „allegro_monolith-static.lib(directx_shaders.obj)” lub w pozycji „C:\Users\Kasia\Desktop\Daftcode\Zad1\Zadania1_DC\x64\Release\allegro_monolith.pdb”; obiekt zostanie skonsolidowany bez informacji debugowania
  Zadania1_DC.vcxproj -> C:\Users\Kasia\Desktop\Daftcode\Zad1\Zadania1_DC\x64\Release\Zadania1_DC.exe
